<?xml version="1.0" encoding="UTF-8"?>
<!-- Generated by org.testng.reporters.JUnitReportReporter -->
<testsuite hostname="Mayank" failures="0" tests="2" name="com.demoblaze.ProductDetailsNavigation" time="14.816" errors="0" timestamp="2025-09-07T14:15:09 IST" skipped="0">
  <testcase classname="com.demoblaze.ProductDetailsNavigation" name="CategoryNavigation" time="12.237"/>
  <testcase classname="com.demoblaze.ProductDetailsNavigation" name="VerifyProductDetails" time="2.579"/>
</testsuite> <!-- com.demoblaze.ProductDetailsNavigation -->
