<?xml version="1.0" encoding="UTF-8"?>
<!-- Generated by org.testng.reporters.JUnitReportReporter -->
<testsuite hostname="Mayank" failures="0" tests="2" name="com.demoblaze.UserAccount" time="4.215" errors="0" timestamp="2025-09-07T14:15:09 IST" skipped="0">
  <testcase classname="com.demoblaze.UserAccount" name="UserSignUp" time="2.838"/>
  <testcase classname="com.demoblaze.UserAccount" name="UserLogin" time="1.377"/>
</testsuite> <!-- com.demoblaze.UserAccount -->
